DEBUG 2019-06-21 10:12:11,721: 	 Executing command: 'kill'
DEBUG 2019-06-21 10:12:11,721: 	 Found CRAB cache file /uscms/home/jongho/.crab3
ERROR 2019-06-21 10:12:11,724: 	 Cannot find .requestcache file in CRAB project directory /uscms_data/d3/jongho/CMSSW/CMSSW_10_2_15/src/PhysicsTools/NanoTuples/crab/crab_projects_mc_2018/crab_MonoHs_Mzprime_500_Mhs_50_Mchi_150
ERROR 2019-06-21 10:12:11,724: 	 Caught exception
Traceback (most recent call last):
  File "/cvmfs/cms.cern.ch/crab3/slc6_amd64_gcc493/cms/crabclient/3.3.1904/bin/crab", line 161, in <module>
    client()
  File "/cvmfs/cms.cern.ch/crab3/slc6_amd64_gcc493/cms/crabclient/3.3.1904/bin/crab", line 146, in __call__
    self.cmd = sub_cmd(self.logger, args[1:])
  File "/cvmfs/cms.cern.ch/crab3/slc6_amd64_gcc493/cms/crabclient/3.3.1904/lib/python2.7/site-packages/CRABClient/Commands/SubCommand.py", line 268, in __init__
    SubCommand.validateOptions(self)
  File "/cvmfs/cms.cern.ch/crab3/slc6_amd64_gcc493/cms/crabclient/3.3.1904/lib/python2.7/site-packages/CRABClient/Commands/SubCommand.py", line 590, in validateOptions
    self.loadLocalCache()
  File "/cvmfs/cms.cern.ch/crab3/slc6_amd64_gcc493/cms/crabclient/3.3.1904/lib/python2.7/site-packages/CRABClient/Commands/SubCommand.py", line 452, in loadLocalCache
    raise ex
CachefileNotFoundException: Cannot find .requestcache file in CRAB project directory /uscms_data/d3/jongho/CMSSW/CMSSW_10_2_15/src/PhysicsTools/NanoTuples/crab/crab_projects_mc_2018/crab_MonoHs_Mzprime_500_Mhs_50_Mchi_150
DEBUG 2019-06-22 07:13:26,961: 	 Executing command: 'status'
DEBUG 2019-06-22 07:13:26,962: 	 Found CRAB cache file /uscms/home/jongho/.crab3
DEBUG 2019-06-22 07:54:27,755: 	 Executing command: 'status'
DEBUG 2019-06-22 07:54:27,769: 	 Found CRAB cache file /uscms/home/jongho/.crab3
DEBUG 2019-06-22 07:54:33,803: 	 Executing command: 'status'
DEBUG 2019-06-22 07:54:33,812: 	 Found CRAB cache file /uscms/home/jongho/.crab3
DEBUG 2019-06-22 07:55:09,228: 	 Executing command: 'status'
DEBUG 2019-06-22 07:55:09,237: 	 Found CRAB cache file /uscms/home/jongho/.crab3
DEBUG 2019-06-24 08:27:42,091: 	 Executing command: 'submit'
DEBUG 2019-06-24 08:27:42,101: 	 Found CRAB cache file /uscms/home/jongho/.crab3
DEBUG 2019-06-24 08:27:42,109: 	 Checking credentials
DEBUG 2019-06-24 08:27:42,110: 	 Found proxy file /uscms/home/jongho/x509up_u54088
DEBUG 2019-06-24 08:27:42,110: 	 Getting proxy life time left
DEBUG 2019-06-24 08:27:42,213: 	 Executing : 
 command : voms-proxy-info -file /uscms/home/jongho/x509up_u54088 -timeleft
 output : 690890

 error: 
 retcode : 0
DEBUG 2019-06-24 08:27:42,317: 	 Executing : 
 command : voms-proxy-info -file /uscms/home/jongho/x509up_u54088 -actimeleft
 output : 690890

 error: 
 retcode : 0
DEBUG 2019-06-24 08:27:42,318: 	 Proxy valid for 191:54:50 hours
DEBUG 2019-06-24 08:27:42,320: 	 Will use CRAB Analysis plugin (i.e. will run an analysis job type).
DEBUG 2019-06-26 00:22:08,205: 	 Executing command: 'submit'
DEBUG 2019-06-26 00:22:08,218: 	 Found CRAB cache file /uscms/home/jongho/.crab3
DEBUG 2019-06-26 00:22:08,227: 	 Checking credentials
DEBUG 2019-06-26 00:22:08,228: 	 Found proxy file /uscms/home/jongho/x509up_u54088
DEBUG 2019-06-26 00:22:08,228: 	 Getting proxy life time left
DEBUG 2019-06-26 00:22:08,331: 	 Executing : 
 command : voms-proxy-info -file /uscms/home/jongho/x509up_u54088 -timeleft
 output : 547224

 error: 
 retcode : 0
DEBUG 2019-06-26 00:22:08,435: 	 Executing : 
 command : voms-proxy-info -file /uscms/home/jongho/x509up_u54088 -actimeleft
 output : 547224

 error: 
 retcode : 0
DEBUG 2019-06-26 00:22:08,436: 	 Proxy valid for 152:00:24 hours
DEBUG 2019-06-26 00:22:08,438: 	 Will use CRAB Analysis plugin (i.e. will run an analysis job type).
